TN:
SF:unitTestingTask.js
FN:1,(anonymous_0)
FN:3,(anonymous_1)
FN:11,(anonymous_2)
FN:23,leadingZeroes
FN:40,(anonymous_4)
FN:43,(anonymous_5)
FN:46,(anonymous_6)
FN:49,(anonymous_7)
FN:52,(anonymous_8)
FN:55,(anonymous_9)
FN:58,(anonymous_10)
FN:61,(anonymous_11)
FN:64,(anonymous_12)
FN:67,(anonymous_13)
FN:70,(anonymous_14)
FN:73,(anonymous_15)
FN:76,(anonymous_16)
FN:79,(anonymous_17)
FN:82,(anonymous_18)
FN:85,(anonymous_19)
FN:88,(anonymous_20)
FN:91,(anonymous_21)
FN:94,(anonymous_22)
FN:97,(anonymous_23)
FN:100,(anonymous_24)
FN:103,(anonymous_25)
FN:106,(anonymous_26)
FN:109,(anonymous_27)
FN:119,(anonymous_28)
FN:170,unitTestingTask
FN:187,(anonymous_30)
FN:208,(anonymous_31)
FN:235,(anonymous_32)
FN:239,(anonymous_33)
FN:245,(anonymous_34)
FN:259,(anonymous_35)
FN:260,(anonymous_36)
FN:291,(anonymous_37)
FN:301,(anonymous_38)
FN:319,(anonymous_39)
FNF:40
FNH:37
FNDA:1,(anonymous_0)
FNDA:0,(anonymous_1)
FNDA:1,(anonymous_2)
FNDA:40,leadingZeroes
FNDA:10,(anonymous_4)
FNDA:1,(anonymous_5)
FNDA:1,(anonymous_6)
FNDA:1,(anonymous_7)
FNDA:9,(anonymous_8)
FNDA:1,(anonymous_9)
FNDA:1,(anonymous_10)
FNDA:1,(anonymous_11)
FNDA:1,(anonymous_12)
FNDA:10,(anonymous_13)
FNDA:1,(anonymous_14)
FNDA:1,(anonymous_15)
FNDA:1,(anonymous_16)
FNDA:4,(anonymous_17)
FNDA:1,(anonymous_18)
FNDA:4,(anonymous_19)
FNDA:1,(anonymous_20)
FNDA:4,(anonymous_21)
FNDA:1,(anonymous_22)
FNDA:1,(anonymous_23)
FNDA:1,(anonymous_24)
FNDA:2,(anonymous_25)
FNDA:2,(anonymous_26)
FNDA:3,(anonymous_27)
FNDA:2,(anonymous_28)
FNDA:52,unitTestingTask
FNDA:63,(anonymous_30)
FNDA:14,(anonymous_31)
FNDA:1,(anonymous_32)
FNDA:1,(anonymous_33)
FNDA:4,(anonymous_34)
FNDA:4,(anonymous_35)
FNDA:4,(anonymous_36)
FNDA:4,(anonymous_37)
FNDA:0,(anonymous_38)
FNDA:0,(anonymous_39)
DA:1,1
DA:2,1
DA:3,0
DA:4,0
DA:6,1
DA:7,1
DA:9,0
DA:24,40
DA:25,40
DA:27,40
DA:28,0
DA:32,40
DA:34,40
DA:37,1
DA:39,1
DA:41,10
DA:44,1
DA:47,1
DA:50,1
DA:53,9
DA:56,1
DA:59,1
DA:62,1
DA:65,1
DA:68,10
DA:71,1
DA:74,1
DA:77,1
DA:80,4
DA:83,1
DA:86,4
DA:89,1
DA:92,4
DA:95,1
DA:98,1
DA:101,1
DA:104,2
DA:107,2
DA:110,3
DA:111,3
DA:112,3
DA:113,3
DA:115,3
DA:117,3
DA:120,2
DA:124,1
DA:125,1
DA:126,25
DA:127,25
DA:130,1
DA:171,52
DA:172,52
DA:173,7
DA:176,45
DA:177,4
DA:180,41
DA:182,41
DA:184,41
DA:185,4
DA:187,37
DA:188,63
DA:198,1
DA:208,1
DA:209,14
DA:210,13
DA:213,1
DA:214,0
DA:215,0
DA:216,0
DA:217,0
DA:218,0
DA:219,0
DA:221,0
DA:224,0
DA:227,1
DA:228,1
DA:229,1
DA:233,1
DA:236,1
DA:240,1
DA:246,4
DA:247,2
DA:249,2
DA:259,1
DA:260,4
DA:261,4
DA:262,4
DA:271,1
DA:291,1
DA:292,4
DA:293,4
DA:301,1
DA:302,0
DA:306,1
DA:307,1
DA:308,1
DA:309,1
DA:312,1
DA:319,1
DA:320,0
DA:321,0
DA:324,1
LF:102
LH:87
BRDA:2,0,0,0
BRDA:2,0,1,1
BRDA:2,1,0,1
BRDA:2,1,1,0
BRDA:6,2,0,1
BRDA:6,2,1,0
BRDA:11,3,0,1
BRDA:11,3,1,0
BRDA:25,4,0,1
BRDA:25,4,1,39
BRDA:27,5,0,0
BRDA:27,5,1,40
BRDA:37,6,0,1
BRDA:37,6,1,1
BRDA:80,7,0,4
BRDA:80,7,1,0
BRDA:83,8,0,1
BRDA:83,8,1,0
BRDA:113,9,0,2
BRDA:113,9,1,1
BRDA:115,10,0,3
BRDA:115,10,1,1
BRDA:126,11,0,25
BRDA:126,11,1,0
BRDA:172,12,0,7
BRDA:172,12,1,45
BRDA:172,13,0,52
BRDA:172,13,1,49
BRDA:176,14,0,4
BRDA:176,14,1,41
BRDA:176,15,0,45
BRDA:176,15,1,13
BRDA:176,15,2,6
BRDA:176,15,3,5
BRDA:180,16,0,9
BRDA:180,16,1,32
BRDA:180,17,0,41
BRDA:180,17,1,9
BRDA:180,18,0,7
BRDA:180,18,1,2
BRDA:184,19,0,4
BRDA:184,19,1,37
BRDA:209,20,0,13
BRDA:209,20,1,1
BRDA:213,21,0,0
BRDA:213,21,1,1
BRDA:214,22,0,0
BRDA:214,22,1,0
BRDA:214,23,0,0
BRDA:214,23,1,0
BRDA:216,24,0,0
BRDA:216,24,1,0
BRDA:246,25,0,2
BRDA:246,25,1,2
BRDA:247,26,0,1
BRDA:247,26,1,1
BRDA:249,27,0,1
BRDA:249,27,1,1
BRDA:261,28,0,4
BRDA:261,28,1,4
BRDA:261,28,2,4
BRF:61
BRH:46
end_of_record
